2018 2 61550 41.6224 6.0412143.78  6.316.2699 12.6106 .28  .2  .2 F 28B 14061550.P18 30
 HWA057 7   12.61  172.76 593.96 243.37 180.0 D2003701.SMT SMTA 20180206155000.  300.
 HWA023 5   12.90  180.56 185.79 190.51 180.0 E8803701.SMT SMTA 20180206155000.  260.
 HWA028 7   15.52  414.84 253.46 275.05 325.3 33503701.MNS NANO 20180206154946.  232.
 HWA012 6   15.65  338.37 280.62 279.70 158.0 13703701.CVA CVA  20180206155010.  219.
 HWA009 6   16.39  317.55 262.02 249.88 323.0 13203701.CVA CVA  20180206155005.  221.
 HWA007 6   16.46  259.95 244.20 289.02 157.0 12503701.CVA CVA  20180206154957.  219.
 TRB042 5   16.95  219.17 186.86 204.35 164.0 02503701.CVA CVA  20180206155022.  229.
 HWA062 5   17.45  213.80 202.58 209.18 180.0 G7503701.SMT SMTA 20180206155000.  219.
 HWA008 6   17.99  330.81 336.48 230.23 172.0 12203701.CVA CVA  20180206155016.  225.
 HWA011 6   18.01  327.11 199.21 247.94 159.0 13103701.CVA CVA  20180206154950.  229.
 HWA048 6   18.23  271.35 303.27 204.56 160.0 12103701.CVA CVA  20180206154936.  236.
 HWA019 7   18.26  213.44 370.24 403.30 326.0 19203701.CVA CVA  20180206155017.  220.
 HWA019 7   18.26  226.12 421.14 386.86 180.0 E9903701.SMT SMTA 20180206155000.  220.
 HWA019 7   18.26  236.10 337.31 416.39 402.7 20103701.MNS NANO 20180206154948.  220.
 HWA063 6   18.28  253.32 253.40 215.78 299.1 36203701.MNS NANO 20180206154947.  229.
 HWA010 6   18.72  282.83 196.57 313.98 157.0 13503701.CVA CVA  20180206154857.  223.
 HWA050 6   18.86  336.94 198.21 279.04 157.0 11803701.CVA CVA  20180206154947.  228.
 HWA014 6   19.09  397.08 218.82 316.99 173.0 13603701.CVA CVA  20180206155002.  221.
 HWA013 6   19.24  323.62 220.19 315.82 158.0 13303701.CVA CVA  20180206154859.  223.
 HWA045 5   23.16   74.74  97.72 106.19 120.0 D0903701.SMT SMTA 20180206155000.    4.
 HWA060 7   25.42  280.77 462.55 477.90 180.0 F3803701.SMT SMTA 20180206155000.  210.
 HWA058 6   28.35  158.77 302.01 260.71 180.0 F3203701.SMT SMTA 20180206155000.  238.
 ILA050 7   36.08   86.19 432.25 245.44 180.0 F0803701.SMT SMTA 20180206155000.    3.
 HWA020 5   43.38   30.40  64.78  89.11 120.0 E9403701.SMT SMTA 20180206155000.  222.
 HWA067 4   46.64   32.60  49.41  52.29 240.0 37903701.MNS NANO 20180206154954.  214.
 HWA043 5   47.30   43.56  93.68 117.70 120.0 F1603701.SMT SMTA 20180206155000.  203.
 HWA036 3   75.97   10.61  19.33  20.91 218.2 35403701.MNS NANO 20180206155002.  208.
 HWA024 2   93.64    3.78   4.61   4.57  60.0 F2303701.SMT SMTA 20180206155100.  207.
 HWA041 3  102.31    8.37  14.62  17.49 245.0 32903701.MNS NANO 20180206155009.  205.
 HWA042 3  108.48    4.20  10.30  12.71 214.4 14403701.MNS NANO 20180206155019.  206.
