TAP001  121.5138  25.0377    16.0  20080204  21001231
TAP002  121.4668  25.1258    10.0  20130417  21001231
TAP003  121.4572  25.0860    11.0  20080204  21001231
TAP004  121.4828  25.1052     5.0  20130419  21001231
TAP005  121.5152  25.1053     4.0  20091229  21001231
TAP006  121.5152  25.0940     8.0  20101122  21001231
TAP007  121.5168  25.0735     9.0  20080204  21001231
TAP008  121.5360  25.0740     6.0  20170401  21001231
TAP009  121.5810  25.0793    12.0  20080204  21001231
TAP010  121.4778  25.0652     7.0  20080204  21001231
TAP011  121.4967  25.0565    11.0  20080204  21001231
TAP012  121.5168  25.0542    10.0  20080204  21001231
TAP013  121.5337  25.0565    14.0  20101123  21001231
TAP014  121.5522  25.0565    16.0  20080204  21001231
TAP015  121.5795  25.0505    14.0  20140310  21001231
TAP016  121.4312  25.0617    24.0  20080204  21001231
TAP017  121.4558  25.0517    10.0  20080204  21001231
TAP019  121.4960  25.0367    10.0  20080204  21001231
TAP020  121.5343  25.0377    14.0  20101123  21001231
TAP021  121.5520  25.0355    21.0  20080204  21001231
TAP022  121.5630  25.0312    26.0  20080204  21001231
TAP024  121.4747  25.0192    14.0  20130506  21001231
TAP025  121.4980  25.0228    12.0  20160101  21001231
TAP026  121.5113  25.0158    17.0  20130506  21001231
TAP027  121.5020  24.9995    20.0  20131219  21001231
TAP028  121.5170  25.0035    17.0  20080204  21001231
TAP029  121.5353  25.0070    21.0  20140321  21001231
TAP030  121.5387  24.9978    21.0  20121221  21001231
TAP031  121.5490  25.0202    17.0  20080204  21001231
TAP032  121.4828  24.9997    18.0  20121221  21001231
TAP033  121.5382  24.9787    25.0  20131220  21001231
TAP034  121.5390  24.9535    48.0  20160822  21001231
TAP035  121.5463  24.9223    66.0  20121217  21001231
TAP036  121.5535  24.9023    74.0  20160526  21001231
TAP037  121.4415  25.0343    11.0  20131223  21001231
TAP038  121.4187  25.0223    16.0  20121203  21001231
TAP039  121.3695  24.9350    43.0  20121204  21001231
TAP040  121.4417  25.1727    30.0  20121204  21001231
TAP041  121.4243  25.1817    13.0  20131219  21001231
TAP042  121.4640  25.1255    42.0  20131219  21001231
TAP043  121.4180  24.9897    20.0  20170206  21001231
TAP044  121.4023  24.9748    27.0  20131220  21001231
TAP045  121.8230  25.1095    93.0  20121207  21001231
TAP046  121.7772  25.1025    47.0  20130425  21001231
TAP047  121.3445  24.9518    59.0  20121204  21001231
TAP049  121.4455  25.1468    19.0  20121203  21001231
TAP050  121.4042  25.1500    13.0  20130417  21001231
TAP051  121.4493  25.0997    17.0  20160527  21001231
TAP052  121.3897  25.0800   249.0  20121203  21001231
TAP053  121.5247  24.9590    28.0  20080204  21001231
TAP054  121.4418  24.9975    15.0  20090714  21001231
TAP055  121.4488  25.1648    18.0  20121204  21001231
TAP056  121.5447  25.1622   617.0  20080204  21001231
TAP057  121.6942  25.0800    20.0  20131202  21001231
TAP058  121.7220  25.1250    51.0  20131202  21001231
TAP059  121.6930  25.1567    75.0  20121207  21001231
TAP060  121.7303  25.1550    54.0  20121207  21001231
TAP061  121.7603  25.1317    49.0  20121207  21001231
TAP063  121.7382  25.1055    47.0  20131203  21001231
TAP065  121.7728  25.1495    27.0  20090806  21001231
TAP066  121.5293  25.1828   834.0  20090708  21001231
TAP067  121.5922  24.9778   292.0  20170401  21001231
TAP069  121.9972  25.0068   122.0  20170401  21001231
TAP070  121.9197  25.1218    39.0  20131203  21001231
TAP071  121.6167  25.0017    45.0  20130418  21001231
TAP072  121.6587  24.9907   111.0  20130509  21001231
TAP073  121.6885  25.0075   140.0  20151123  21001231
TAP074  121.6367  24.9530   533.0  20160525  21001231
TAP075  121.7367  25.0277   228.0  20160511  21001231
TAP076  121.7782  25.0435   182.0  20080204  21001231
TAP077  121.8512  25.0625    98.0  20141231  21001231
TAP078  121.8667  25.0335    36.0  20130422  21001231
TAP079  121.9147  25.0218    25.0  20151118  21001231
TAP080  121.9488  25.0170    13.0  20130422  21001231
TAP081  121.9887  25.0165    12.0  20101206  21001231
TAP082  121.9258  25.0550    15.0  20101206  21001231
TAP083  121.5027  25.2580    73.0  20130423  21001231
TAP084  121.6373  25.2227    13.0  20130423  21001231
TAP085  121.7122  24.9383   205.0  20090707  21001231
TAP086  121.5755  24.9503   127.0  20131218  21001231
TAP087  121.4233  25.1015   104.0  20081003  21001231
TAP088  121.5860  25.0377    23.0  20080204  21001231
TAP089  121.5677  25.0248    18.0  20080204  21001231
TAP090  121.6030  25.0558    14.0  20101202  21001231
TAP091  121.5905  25.0602    15.0  20090501  21001231
TAP092  121.5645  25.0638    12.0  20080204  21001231
TAP093  121.5660  25.0842    13.0  20080204  21001231
TAP094  121.4832  25.1407    50.0  20130419  21001231
TAP095  121.4995  25.1337    15.0  20160401  21001231
TAP096  121.5048  25.1185     9.0  20080204  21001231
TAP098  121.5477  25.1005    41.0  20141029  21001231
TAP100  121.5202  25.0338    15.0  20131220  21001231
TAP101  121.5847  25.0008    32.0  20110328  21001231
TAP103  121.7813  25.0715   728.0  20170401  21001231
TAP104  121.7397  25.1540    92.0  20080204  21001231
TAP105  121.9255  25.0353    20.0  20090707  21001231
TAP106  121.4727  25.1345    80.0  20080204  21001231
TAP107  121.7408  25.1328    10.0  20090812  21001231
TAP109  121.5692  25.0408    10.0  20090810  21001231
TAP111  121.7462  25.1303    11.0  20170401  21001231
TAP113  121.6892  24.9818   494.0  20141028  21001231
TAP114  121.6607  25.2022    18.0  20080204  21001231
TAP115  121.4650  24.9898    18.0  20121221  21001231
TAP117  121.5395  25.0142    16.0  20080204  21001231
TAP119  121.5415  24.9833    24.0  20090202  21001231
TAP121  121.7838  25.1285    77.0  20131203  21001231
TAP122  121.6078  25.2725    55.0  20100903  21001231
TAP123  121.5887  25.2878    21.0  20160811  21001231
TAP124  121.5535  24.8637   148.0  20160526  21001231
TAP125  121.6548  25.0678    18.0  20160405  21001231
TAP126  121.4538  25.0010    11.0  20151123  21001231
TCU001  121.1013  24.9735    85.0  20131213  21001231
TCU002  121.0832  25.0353    26.0  20131211  21001231
TCU003  121.1432  25.0457    56.0  20130813  21001231
TCU004  121.2030  25.0600    36.0  20121205  21001231
TCU005  121.2445  25.1033    16.0  20131213  21001231
TCU006  121.1493  24.9095   165.0  20121206  21001231
TCU007  121.3180  24.9993   100.0  20121205  21001231
TCU008  121.2145  25.0068    89.0  20121206  21001231
TCU009  121.2283  24.9627   135.0  20131209  21001231
TCU010  121.1620  25.0010   100.0  20141125  21001231
TCU011  121.2865  24.8842   120.0  20121206  21001231
TCU012  121.2987  24.9362   140.0  20170117  21001231
TCU013  121.2133  24.8633   234.0  20121206  21001231
TCU014  121.3153  25.0448   104.0  20121221  21001231
TCU015  120.9458  24.7558    74.0  20121211  21001231
TCU016  120.9657  24.8145    22.0  20161213  21001231
TCU017  121.0182  24.7787    91.0  20090716  21001231
TCU018  121.0608  24.8787   110.0  20121221  21001231
TCU019  120.9873  24.9007    22.0  20121220  21001231
TCU020  121.0033  24.8387    31.0  20121213  21001231
TCU021  121.1740  24.7920   141.0  20121210  21001231
TCU022  120.9898  24.7672    51.0  20121210  21001231
TCU023  121.1400  24.7200   178.0  20160519  21001231
TCU024  121.0882  24.7357   131.0  20130605  21001231
TCU025  121.1832  24.7055   270.0  20160519  21001231
TCU026  121.0837  24.7737   100.0  20131206  21001231
TCU027  121.0745  24.8302    80.0  20131209  21001231
TCU028  121.0522  24.7010   120.0  20121210  21001231
TCU029  120.7575  24.5577    36.0  20141230  21001231
TCU030  120.8852  24.5863    68.0  20121210  21001231
TCU031  120.7097  24.5593    27.0  20131220  21001231
TCU032  120.8227  24.5220    78.0  20141215  21001231
TCU033  120.8703  24.6835    11.0  20120101  21001231
TCU034  120.8653  24.6380    19.0  20151112  21001231
TCU035  120.7970  24.6142    13.0  20151112  21001231
TCU036  120.7048  24.4468   134.0  20170401  21001231
TCU037  120.6837  24.4918    33.0  20121211  21001231
TCU038  120.6742  24.4912     8.0  20080204  21001231
TCU039  120.7908  24.4897   160.0  20130510  21001231
TCU040  120.6550  24.4488    20.0  20151116  21001231
TCU041  120.6957  24.3898    95.0  20141121  21001231
TCU042  120.8150  24.5527    67.0  20141215  21001231
TCU043  120.9598  24.6867    88.0  20121210  21001231
TCU044  120.7652  24.4018   331.0  20160518  21001231
TCU045  120.9205  24.5398   201.0  20160518  21001231
TCU046  120.8612  24.4662   218.0  20170401  21001231
TCU048  120.5972  24.1780   192.0  20130423  21001231
TCU049  120.6997  24.1773   134.0  20080204  21001231
TCU050  120.6417  24.1800   100.0  20141031  21001231
TCU051  120.6597  24.1598    96.0  20121206  21001231
TCU052  120.7480  24.1958   218.0  20141222  21001231
TCU053  120.6788  24.1917   137.0  20081024  21001231
TCU054  120.6848  24.1600   111.0  20081024  21001231
TCU055  120.6748  24.1382    84.0  20140312  21001231
TCU056  120.6335  24.1570    77.0  20130422  21001231
TCU057  120.6200  24.1703    86.0  20141030  21001231
TCU058  120.7127  24.2497   215.0  20141030  21001231
TCU059  120.5718  24.2670     9.0  20170401  21001231
TCU060  120.6503  24.2218   139.0  20170119  21001231
TCU061  120.5568  24.1345    38.0  20170401  21001231
TCU062  120.6842  24.1148    65.0  20141028  21001231
TCU063  120.6238  24.1078    34.0  20080204  21001231
TCU064  120.6193  24.3445    50.0  20141230  21001231
TCU065  120.6998  24.0562    63.0  20140314  21001231
TCU066  120.7043  24.2138   174.0  20080204  21001231
TCU067  120.7282  24.0900    98.0  20141030  21001231
TCU068  120.7732  24.2760   283.0  20170119  21001231
TCU069  120.8310  24.2597   360.0  20090725  21001231
TCU070  120.5475  24.1963    11.0  20161214  21001231
TCU071  120.7952  23.9840   219.0  20080204  21001231
TCU072  120.8580  24.0390   315.0  20160513  21001231
TCU073  120.9573  24.0123   465.0  20090817  21001231
TCU074  120.9712  23.9613   447.0  20141126  21001231
TCU075  120.6877  23.9815   110.0  20080204  21001231
TCU076  120.6835  23.9065   107.0  20170401  21001231
TCU077  120.7873  23.8272   235.0  20080204  21001231
TCU078  120.8543  23.8097   289.0  20171102  21001231
TCU079  120.9022  23.8368   658.0  20160512  21001231
TCU080  120.9378  23.9000   654.0  20160512  21001231
TCU081  121.0142  24.8283    31.0  20171117  21001231
TCU082  120.6842  24.1457    89.0  20170401  21001231
TCU083  121.1943  24.9673   144.0  20080918  21001231
TCU084  120.9082  23.8813   999.0  20081021  21001231
TCU085  121.3665  24.6737   678.0  20171115  21001231
TCU086  120.2892  23.8617     4.0  20080924  21001231
TCU087  120.7808  24.3465   286.0  20170401  21001231
TCU088  121.1618  24.2495  1496.0  20081014  21001231
TCU089  120.8698  23.9050   659.0  20090720  21001231
TCU090  120.6558  23.6462   241.0  20130507  21001231
TCU091  121.2700  24.9810   108.0  20121205  21001231
TCU092  121.2868  25.0103    89.0  20131206  21001231
TCU093  120.9552  24.8505     9.0  20121213  21001231
TCU094  121.0582  24.7670   126.0  20171108  21001231
TCU095  121.0200  24.6888   104.0  20170117  21001231
TCU096  120.9660  24.7923    32.0  20131031  21001231
TCU097  120.9273  24.7885    16.0  20121211  21001231
TCU098  120.9072  24.7420    12.0  20151117  21001231
TCU099  120.6993  24.1363    85.0  20141031  21001231
TCU100  120.6250  24.1838    99.0  20141030  21001231
TCU101  120.7172  24.2393   208.0  20141031  21001231
TCU102  120.7287  24.2470   231.0  20141222  21001231
TCU103  120.7150  24.3075   223.0  20121206  21001231
TCU104  120.6092  24.2443   212.0  20080204  21001231
TCU105  120.5678  24.2380    29.0  20151116  21001231
TCU106  120.5568  24.0817    25.0  20090718  21001231
TCU107  120.5468  24.0718    21.0  20131129  21001231
TCU108  120.5325  24.0838    19.0  20131126  21001231
TCU109  120.5807  24.0828    39.0  20121203  21001231
TCU110  120.5798  23.9605    33.0  20090717  21001231
TCU111  120.4948  24.1120    13.0  20131126  21001231
TCU112  120.4303  24.0552     8.0  20161214  21001231
TCU113  120.3953  23.8913    18.0  20121206  21001231
TCU115  120.4778  23.9580    24.0  20121204  21001231
TCU116  120.5888  23.8557    49.0  20121207  21001231
TCU117  120.4683  24.1323     6.0  20170401  21001231
TCU118  120.4315  24.0003    11.0  20131209  21001231
TCU119  120.3203  23.9227     8.0  20121207  21001231
TCU120  120.6213  23.9775   238.0  20141217  21001231
TCU121  120.4590  23.8945    25.0  20131209  21001231
TCU122  120.6180  23.8118    85.0  20090718  21001231
TCU123  120.5515  24.0162    21.0  20131210  21001231
TCU124  120.6918  23.9138    93.0  20141119  21001231
TCU125  120.6905  23.9532   107.0  20130510  21001231
TCU126  120.6862  23.7633   154.0  20130507  21001231
TCU127  121.0088  24.6297   173.0  20170401  21001231
TCU128  120.7697  24.4145   299.0  20080925  21001231
TCU129  120.6925  23.8765   113.0  20170401  21001231
TCU130  121.2725  24.1433  3386.0  20170401  21001231
TCU131  120.8257  24.5650    51.0  20090813  21001231
TCU132  120.8278  24.5737    46.0  20151113  21001231
TCU133  120.6593  24.1343    73.0  20080204  21001231
TCU134  120.6293  24.1225    46.0  20140314  21001231
TCU135  120.6533  24.3332   146.0  20090725  21001231
TCU136  120.6587  24.2583   176.0  20170118  21001231
TCU137  120.9302  24.1835   626.0  20121219  21001231
TCU138  120.6028  23.9205    43.0  20141231  21001231
TCU139  120.5483  23.9208    32.0  20141231  21001231
TCU140  120.3678  23.9565     8.0  20130430  21001231
TCU141  120.4713  23.8322    31.0  20141229  21001231
TCU142  120.8762  23.9812   340.0  20160513  21001231
TCU143  120.7632  23.8798   164.0  20160526  21001231
TCU144  120.4442  24.0835     7.0  20161214  21001231
TCU145  120.3445  23.9788     2.0  20080204  21001231
TCU146  120.4913  24.1608     7.0  20151117  21001231
TCU147  121.2553  24.8575   220.0  20151120  21001231
TCU148  120.9342  23.9545   553.0  20080204  21001231
TCU149  120.5232  24.2562     9.0  20090721  21001231
TCU150  120.7137  23.8913   113.0  20140311  21001231
TCU152  120.9577  24.8105    24.0  20080204  21001231
TCU154  120.8427  24.5817    31.0  20141223  21001231
TCU156  120.7192  24.2588   211.0  20141224  21001231
TCU157  120.6982  24.0423    80.0  20151118  21001231
TCU158  120.5360  24.0633    19.0  20151118  21001231
TCU159  120.6803  23.9072   118.0  20090727  21001231
TCU160  121.2352  25.0797    25.0  20141230  21001231
TCU161  121.2437  24.8195   167.0  20080204  21001231
TCU162  120.5212  23.8763    36.0  20171114  21001231
TCU163  121.2977  24.9998    93.0  20090711  21001231
TCU164  121.0110  24.8278    32.0  20141230  21001231
TCU165  120.6433  24.1275    52.0  20141031  21001231
TCU166  120.6927  23.8763   113.0  20100423  21001231
TCU167  120.7685  23.6645  1660.0  20160517  21001231
TCU168  121.0475  25.0068    21.0  20160405  21001231
TCU169  120.9858  24.3978  1311.0  20150423  21001231
TCU170  120.7198  24.1548   120.0  20170120  21001231
TCU171  120.5878  24.3450    28.0  20170123  21001231
TCU172  120.6820  24.1440    92.0  20170124  21001231
TCU173  120.6565  24.1113    50.0  20170124  21001231
TCU174  120.8055  24.2268   478.0  20170120  21001231
TCU175  121.2043  24.9532   140.0  20161212  21001231
TCU176  121.2583  25.0250    75.0  20161216  21001231
TCU177  120.9548  24.6562    89.0  20170710  21001231
TCU178  120.4123  24.0277     9.0  20170705  21001231
TCU179  120.5040  24.0338    19.0  20170705  21001231
TCU180  120.5458  23.9927    25.0  20170705  21001231
TCU181  120.5457  23.9535    27.0  20170705  21001231
TCU182  120.5275  23.8923    37.0  20170706  21001231
TCU183  120.4163  23.8758    21.0  20170706  21001231
TCU184  120.7525  23.7492   496.0  20170706  21001231
CHY001  120.2490  23.7047     8.0  20121212  21001231
CHY002  120.4205  23.7175    26.0  20121213  21001231
CHY003  120.5385  23.7148    52.0  20130606  21001231
CHY004  120.1795  23.5997     2.0  20121211  21001231
CHY005  120.4217  23.6100    21.0  20160525  21001231
CHY006  120.5602  23.5795   173.0  20080204  21001231
CHY008  120.2775  23.4837    11.0  20080204  21001231
CHY009  120.4163  23.4727    32.0  20131219  21001231
CHY010  120.5530  23.4630   211.0  20080204  21001231
CHY011  120.6543  23.4830   657.0  20080204  21001231
CHY012  120.1598  23.3305     5.0  20080204  21001231
CHY013  120.2738  23.3562    15.0  20131204  21001231
CHY014  120.5927  23.2945   260.0  20080204  21001231
CHY015  120.4138  23.3527    39.0  20080204  21001231
CHY016  120.1622  23.2192     7.0  20131128  21001231
CHY017  120.2770  23.2137     8.0  20131202  21001231
CHY018  120.4003  23.2225   131.0  20080204  21001231
CHY020  120.1583  23.1023     8.0  20160815  21001231
CHY021  120.2957  23.0790    14.0  20080204  21001231
CHY022  120.4697  23.0442   102.0  20080204  21001231
CHY023  120.2890  22.9648    26.0  20080204  21001231
CHY024  120.6157  23.7553   101.0  20170401  21001231
CHY025  120.5228  23.7773    47.0  20160513  21001231
CHY026  120.4195  23.7965    27.0  20121210  21001231
CHY027  120.2543  23.7510    10.0  20160407  21001231
CHY028  120.6157  23.6308   310.0  20080204  21001231
CHY029  120.5373  23.6125   111.0  20121220  21001231
CHY030  120.4838  23.6420    43.0  20080204  21001231
CHY031  120.3498  23.6575    17.0  20121217  21001231
CHY032  120.3018  23.5770    16.0  20121217  21001231
CHY033  120.2253  23.5392     5.0  20121212  21001231
CHY034  120.5525  23.5207   137.0  20080204  21001231
CHY035  120.5917  23.5187   224.0  20170207  21001231
CHY036  120.4880  23.6052    48.0  20080204  21001231
CHY037  120.4292  23.5545    30.0  20080204  21001231
CHY038  120.4555  23.5343    49.0  20131211  21001231
CHY039  120.3512  23.5193    18.0  20080204  21001231
CHY042  120.5918  23.3563   912.0  20080204  21001231
CHY043  120.3363  23.4048    20.0  20170206  21001231
CHY044  120.1722  23.3812     4.0  20080204  21001231
CHY045  120.6668  23.3003   418.0  20080204  21001231
CHY046  120.4713  23.4753    82.0  20080204  21001231
CHY047  120.4553  23.4937    41.0  20131211  21001231
CHY048  120.4453  23.4707    34.0  20131203  21001231
CHY049  120.3667  23.3655    24.0  20170206  21001231
CHY051  120.4673  23.2800   128.0  20131202  21001231
CHY053  120.3637  23.2863    20.0  20131202  21001231
CHY054  120.3175  23.3057    21.0  20080204  21001231
CHY055  120.2768  23.2687    13.0  20131202  21001231
CHY056  120.1392  23.2622     3.0  20170203  21001231
CHY058  120.3272  23.1713    20.0  20170208  21001231
CHY059  120.1113  23.1830     4.0  20080204  21001231
CHY060  120.2458  23.1235    10.0  20131127  21001231
CHY061  120.5190  23.0747   112.0  20080204  21001231
CHY062  120.4590  23.1215    64.0  20170209  21001231
CHY063  120.3495  23.0258    47.0  20080204  21001231
CHY064  120.2417  23.0030    30.0  20131212  21001231
CHY065  120.3517  22.9043    44.0  20170210  21001231
CHY066  120.2172  22.9188     4.0  20080204  21001231
CHY067  120.1923  22.9973     9.0  20080204  21001231
CHY068  120.2095  22.9862    26.0  20110615  21001231
CHY069  120.1897  22.9732     7.0  20170214  21001231
CHY070  120.2363  22.9638    27.0  20080204  21001231
CHY071  120.1728  23.0630     8.0  20080204  21001231
CHY073  120.4325  23.4963    31.0  20090803  21001231
CHY074  120.8133  23.5083  2417.0  20170401  21001231
CHY075  119.5637  23.5653    14.0  20090729  21001231
CHY076  120.2298  23.6363     8.0  20080925  21001231
CHY077  120.2017  23.1735     8.0  20081016  21001231
CHY078  120.2365  23.0380    11.0  20090817  21001231
CHY079  120.5285  23.1850   216.0  20090817  21001231
CHY080  120.6768  23.5972   799.0  20160525  21001231
CHY081  120.5000  23.2650   609.0  20170401  21001231
CHY082  120.3067  23.7227    11.0  20121212  21001231
CHY083  120.5858  23.7222    69.0  20080204  21001231
CHY084  120.4640  23.7268    32.0  20131210  21001231
CHY085  120.2047  22.9933    19.0  20101217  21001231
CHY086  120.5940  23.3513   956.0  20160520  21001231
CHY087  120.5298  23.3822   174.0  20080204  21001231
CHY088  120.4380  23.3445    44.0  20121207  21001231
CHY089  120.3640  23.0753    55.0  20081014  21001231
CHY092  120.4862  23.7888    34.0  20121210  21001231
CHY093  120.1552  23.6513     3.0  20121213  21001231
CHY094  120.3307  23.7923    14.0  20121211  21001231
CHY095  120.3307  23.4560    18.0  20080204  21001231
CHY096  120.2407  22.9813    31.0  20131128  21001231
CHY097  120.2115  23.0090    16.0  20080204  21001231
CHY098  120.1662  23.0007     8.0  20131126  21001231
CHY099  120.2882  23.1362    17.0  20090722  21001231
CHY100  120.3503  23.2257    31.0  20080204  21001231
CHY101  120.5703  23.6845    80.0  20080925  21001231
CHY102  120.6223  23.2438   555.0  20170401  21001231
CHY103  120.5390  23.6995    55.0  20080204  21001231
CHY104  120.4735  23.6678    35.0  20121218  21001231
CHY105  120.3453  23.5547    16.0  20131211  21001231
CHY106  120.4147  23.4363    32.0  20131219  21001231
CHY107  120.2992  23.2977    15.0  20131204  21001231
CHY109  120.5363  23.2463   245.0  20100701  21001231
CHY110  120.5337  23.2477   146.0  20170401  21001231
CHY111  120.2335  23.7897     4.0  20080204  21001231
CHY112  120.1930  23.7025     3.0  20121211  21001231
CHY113  120.2138  23.4202     4.0  20121207  21001231
CHY114  120.1270  23.0367     4.0  20131220  21001231
CHY115  120.0858  23.1470     1.0  20090817  21001231
CHY116  120.1168  23.0768     7.0  20131220  21001231
CHY117  120.2232  23.8043    10.0  20120720  21001231
CHY118  120.4857  23.1823    99.0  20080204  21001231
CHY119  120.4675  23.4722    50.0  20131203  21001231
CHY120  120.2938  23.4570    16.0  20131203  21001231
CHY121  120.9592  23.4873  3845.0  20080204  21001231
CHY122  120.3095  23.3228    13.0  20131204  21001231
CHY123  120.2395  23.4835     7.0  20090802  21001231
CHY124  119.6675  23.2573    33.0  20120513  21001231
CHY125  120.1668  22.9922     7.0  20080204  21001231
CHY126  120.5305  23.6987    48.0  20080204  21001231
CHY127  119.5738  23.5785    19.0  20170401  21001231
CHY128  120.3867  23.2945    29.0  20080204  21001231
CHY129  120.2440  23.2927     9.0  20121207  21001231
CHY131  120.3613  23.1197    28.0  20170209  21001231
CHY132  120.5237  23.4592   134.0  20090603  21001231
CHY133  120.4743  23.5318   104.0  20091109  21001231
CHY134  120.2227  23.3473     6.0  20091113  21001231
CHY135  120.5065  23.2873   436.0  20110227  21001231
CHY136  120.7193  23.6345  1557.0  20160516  21001231
CHY137  120.8155  23.5167  2297.0  20140903  21001231
CHY138  120.3173  23.6453    13.0  20160406  21001231
CHY139  120.4310  23.6443    27.0  20160406  21001231
CHY140  120.1752  23.2377     7.0  20170203  21001231
CHY141  120.1988  23.1225     7.0  20170208  21001231
CHY142  120.4035  23.0558    56.0  20170209  21001231
CHY143  120.3587  22.9640    83.0  20170210  21001231
CHY144  120.3942  23.6045    17.0  20171107  21001231
CHY145  120.1535  23.4607     3.0  20170707  21001231
CHY146  120.2600  23.1817    17.0  20170824  21001231
KAU003  120.2635  22.6308    49.0  20080204  21001231
KAU004  120.3515  22.6310    14.0  20140310  21001231
KAU005  120.3492  22.6167    19.0  20161214  21001231
KAU006  120.3255  22.5897     5.0  20161215  21001231
KAU007  120.3687  22.6423    24.0  20080204  21001231
KAU008  120.3760  22.6283    16.0  20140317  21001231
KAU009  120.2643  22.8675    23.0  20121204  21001231
KAU010  120.2865  22.7857    12.0  20151116  21001231
KAU011  120.2643  22.7602    12.0  20151116  21001231
KAU012  120.3792  22.8772    36.0  20080204  21001231
KAU013  120.3655  22.7945    56.0  20141125  21001231
KAU014  120.3488  22.7015    21.0  20080204  21001231
KAU015  120.3413  22.6543    12.0  20080204  21001231
KAU017  120.3933  22.5070     7.0  20121203  21001231
KAU018  120.4810  22.8883    54.0  20141201  21001231
KAU020  120.5433  22.8998    48.0  20080204  21001231
KAU021  120.4425  22.7498    70.0  20080204  21001231
KAU022  120.4993  22.6683    25.0  20080204  21001231
KAU023  120.4960  22.6767    29.0  20090806  21001231
KAU024  120.4803  22.6633    23.0  20151119  21001231
KAU025  120.4853  22.6817    31.0  20151120  21001231
KAU026  120.5070  22.6978    35.0  20141203  21001231
KAU027  120.5092  22.6592    26.0  20151119  21001231
KAU028  120.5992  22.8260    86.0  20121204  21001231
KAU029  120.5758  22.7540    58.0  20080204  21001231
KAU030  120.5672  22.6102    26.0  20151112  21001231
KAU031  120.4888  22.5822    18.0  20080204  21001231
KAU032  120.4605  22.5437     8.0  20080204  21001231
KAU033  120.4605  22.4622     5.0  20161215  21001231
KAU034  120.6278  22.5283   107.0  20080204  21001231
KAU035  120.5402  22.5472    15.0  20080204  21001231
KAU036  120.5518  22.4710    14.0  20151117  21001231
KAU038  120.6925  22.1900    14.0  20151111  21001231
KAU039  120.7483  22.0955    59.0  20141219  21001231
KAU042  120.8372  22.0203    46.0  20151204  21001231
KAU043  120.8488  21.9132    17.0  20080204  21001231
KAU044  120.5115  22.4367     4.0  20080204  21001231
KAU045  120.3157  22.5662     1.0  20090816  21001231
KAU046  120.7457  22.0032    26.0  20081013  21001231
KAU047  120.5908  23.0803   282.0  20081013  21001231
KAU048  120.4987  22.7235    31.0  20170401  21001231
KAU049  120.6400  22.7443   148.0  20090818  21001231
KAU050  120.7657  23.1607   642.0  20081017  21001231
KAU051  120.6282  22.3703    66.0  20170401  21001231
KAU052  120.8137  21.9402   116.0  20090818  21001231
KAU053  120.4307  22.8215   323.0  20081019  21001231
KAU054  120.7205  23.2765   719.0  20080204  21001231
KAU055  120.3422  22.5808     6.0  20141231  21001231
KAU056  120.3498  22.5500     8.0  20170922  21001231
KAU057  120.2752  22.6370    97.0  20141223  21001231
KAU058  120.3290  22.6475    10.0  20080204  21001231
KAU059  120.3165  22.7280    13.0  20151116  21001231
KAU060  120.3188  22.6712     8.0  20080204  21001231
KAU061  120.2998  22.6387     9.0  20151120  21001231
KAU062  120.2925  22.6220     9.0  20140317  21001231
KAU063  120.1825  22.9043     5.0  20140314  21001231
KAU064  120.2482  22.7835    10.0  20140314  21001231
KAU065  120.3115  22.7522    16.0  20151116  21001231
KAU066  120.3455  22.7303    22.0  20140310  21001231
KAU067  120.4238  22.6552    27.0  20140331  21001231
KAU068  120.5443  22.9760   129.0  20141202  21001231
KAU069  120.6647  22.8858   256.0  20140311  21001231
KAU070  120.4958  22.7810    43.0  20151112  21001231
KAU071  120.5215  22.6477    25.0  20170905  21001231
KAU072  120.6013  22.6672    59.0  20141203  21001231
KAU074  120.5720  22.5730    23.0  20151117  21001231
KAU075  120.5062  22.4882     6.0  20151117  21001231
KAU076  120.5648  22.4263    17.0  20151118  21001231
KAU077  120.7317  22.7453   826.0  20141224  21001231
KAU078  120.6465  22.7068   131.0  20171013  21001231
KAU079  120.6325  22.5910    89.0  20141219  21001231
KAU080  120.7120  22.0568     5.0  20151118  21001231
KAU081  120.7452  22.0085    25.0  20151118  21001231
KAU082  120.7322  21.9403    62.0  20141218  21001231
KAU083  120.4580  22.5610     6.0  20151112  21001231
KAU084  120.3692  22.3467    38.0  20081015  21001231
KAU085  120.3290  22.8840    28.0  20141229  21001231
KAU086  120.3030  22.7927    12.0  20151116  21001231
KAU087  120.3188  22.6120     8.0  20151120  21001231
KAU088  120.3187  22.6440    12.0  20170109  21001231
KAU089  120.4112  22.4788     4.0  20161215  21001231
KAU090  120.4158  22.5895    12.0  20151117  21001231
KAU091  120.8550  21.9010    33.0  20081014  21001231
KAU092  120.3150  22.5540     4.0  20130614  21001231
KAU093  120.3593  22.5925     5.0  20080204  21001231
KAU095  120.4902  22.6928    28.0  20141229  21001231
KAU097  120.8380  22.1767   292.0  20080204  21001231
KAU098  120.7497  21.9598    27.0  20140326  21001231
KAU099  120.8292  22.0748   111.0  20080204  21001231
KAU100  120.3070  22.5935     4.0  20130101  21001231
KAU101  114.3650  10.3773     0.0  20140626  21001231
KAU102  120.2618  22.6417   346.0  20141001  21001231
KAU103  120.3047  22.6270    11.0  20170109  21001231
KAU104  120.2927  22.6905    21.0  20170110  21001231
KAU105  120.4603  22.9393    75.0  20170210  21001231
KAU106  120.3130  22.6228    12.0  20170908  21001231
KAU107  120.2822  22.6238    12.0  20170111  21001231
KAU108  120.2242  22.8143     4.0  20170111  21001231
KAU109  120.1987  22.9113     5.0  20170111  21001231
KAU110  120.2720  22.6085     6.0  20170110  21001231
KAU111  120.5260  22.6770    35.0  20170112  21001231
KAU112  120.5445  22.5822    16.0  20170102  21001231
KAU113  120.5910  22.3678     2.0  20170213  21001231
KAU114  120.5112  22.5138     8.0  20170112  21001231
KAU115  120.6215  22.3300    11.0  20160922  21001231
KAU116  120.3497  22.5813     6.0  20161215  21001231
ILA001  121.8428  24.8808    11.0  20121217  21001231
ILA002  121.8048  24.8430     8.0  20131203  21001231
ILA003  121.7900  24.7958     5.0  20080204  21001231
ILA004  121.7907  24.7435     5.0  20160513  21001231
ILA005  121.8127  24.6968     4.0  20080204  21001231
ILA006  121.8327  24.6397     9.0  20080204  21001231
ILA007  121.8535  24.5925    11.0  20080204  21001231
ILA008  121.7707  24.7072    11.0  20080204  21001231
ILA012  121.7440  24.7798    16.0  20080204  21001231
ILA013  121.7377  24.7340    10.0  20080204  21001231
ILA014  121.7272  24.6927    20.0  20080204  21001231
ILA015  121.6992  24.7790    99.0  20080204  21001231
ILA016  121.6907  24.7480    26.0  20131203  21001231
ILA017  121.6887  24.7177    39.0  20131203  21001231
ILA018  121.6882  24.6798    51.0  20141114  21001231
ILA019  121.6955  24.6417   113.0  20160525  21001231
ILA020  121.6357  24.7538   481.0  20140324  21001231
ILA021  121.6530  24.7115    95.0  20080204  21001231
ILA022  121.6507  24.6672    98.0  20121217  21001231
ILA023  121.6095  24.6787   144.0  20160517  21001231
ILA025  121.5737  24.6378   252.0  20160523  21001231
ILA026  121.7728  24.6733     9.0  20151123  21001231
ILA027  121.7667  24.6890    10.0  20151123  21001231
ILA028  121.7547  24.7535    12.0  20080204  21001231
ILA029  121.7543  24.7713    12.0  20140318  21001231
ILA030  121.7637  24.7248     7.0  20080204  21001231
ILA031  121.8407  24.5972    23.0  20080204  21001231
ILA032  121.8347  24.6220    11.0  20140318  21001231
ILA033  121.8275  24.8630    14.0  20151012  21001231
ILA034  121.8142  24.8020     4.0  20080204  21001231
ILA035  121.7685  24.8223    21.0  20151012  21001231
ILA036  121.7595  24.7875    10.0  20080204  21001231
ILA037  121.7228  24.7435    17.0  20151014  21001231
ILA038  121.7440  24.7198    11.0  20151119  21001231
ILA039  121.7298  24.7637    19.0  20151119  21001231
ILA040  121.7988  24.7723     4.0  20080204  21001231
ILA041  121.8003  24.7220     5.0  20080204  21001231
ILA042  121.7987  24.6875     6.0  20151014  21001231
ILA043  121.7437  24.6267    43.0  20080204  21001231
ILA044  121.7625  24.6535    12.0  20080204  21001231
ILA046  121.7423  24.6650    31.0  20151013  21001231
ILA047  121.7942  24.6438     4.0  20080204  21001231
ILA048  121.7698  24.7647     7.0  20080204  21001231
ILA049  121.7563  24.7638    11.0  20080822  21001231
ILA050  121.7490  24.4258   123.0  20080826  21001231
ILA051  121.6828  24.7180    56.0  20170401  21001231
ILA052  121.8600  24.6082    33.0  20080204  21001231
ILA053  121.7392  24.3290    52.0  20080204  21001231
ILA054  121.9258  24.9703    31.0  20080204  21001231
ILA055  121.8162  24.7367     4.0  20080204  21001231
ILA056  121.8143  24.7590     3.0  20080204  21001231
ILA057  121.7495  24.8048    73.0  20080204  21001231
ILA058  121.7575  24.6747    15.0  20080204  21001231
ILA059  121.8297  24.6655     8.0  20080204  21001231
ILA061  121.8332  24.5218    23.0  20151110  21001231
ILA062  121.8008  24.4663    33.0  20141230  21001231
ILA063  121.5258  24.6130   305.0  20160524  21001231
ILA064  121.7852  24.4737    44.0  20080204  21001231
ILA065  121.7777  24.4707    46.0  20170401  21001231
ILA066  121.7783  24.4452    40.0  20080204  21001231
ILA067  121.3813  24.4375  1148.0  20160524  21001231
ILA068  121.8573  24.5972     8.0  20170401  21001231
ILA069  121.9437  24.8427    20.0  20090815  21001231
ILA070  121.7557  24.7547    13.0  20141231  21001231
ILA071  121.7942  24.6217    22.0  20121003  21001231
HWA001  121.5630  23.7890    34.0  20160803  21001231
HWA002  121.5202  23.5982    18.0  20080204  21001231
HWA003  121.5055  23.4758    23.0  20130614  21001231
HWA004  121.2483  23.1727   244.0  20090102  21001231
HWA005  121.4248  23.6607   120.0  20131129  21001231
HWA006  121.4245  23.6708   126.0  20080204  21001231
HWA007  121.6262  23.9865    31.0  20080204  21001231
HWA008  121.6030  23.9873    15.0  20080204  21001231
HWA009  121.6223  23.9903    42.0  20080204  21001231
HWA010  121.6027  23.9783    12.0  20080204  21001231
HWA011  121.5948  23.9953    25.0  20080204  21001231
HWA012  121.6313  23.9920    28.0  20080204  21001231
HWA013  121.5985  23.9755    15.0  20080204  21001231
HWA014  121.6057  23.9712    10.0  20080204  21001231
HWA015  121.5627  23.9728    44.0  20090729  21001231
HWA016  121.5685  23.9632    44.0  20080204  21001231
HWA017  121.5470  23.9482    76.0  20080204  21001231
HWA018  121.5325  23.9047    51.0  20080204  21001231
HWA019  121.6135  23.9750    18.0  20080204  21001231
HWA020  121.4417  23.8120   180.0  20080929  21001231
HWA021  121.3298  23.5038   249.0  20080204  21001231
HWA023  121.6045  24.0812    56.0  20080204  21001231
HWA024  121.3053  23.3508   254.0  20170401  21001231
HWA025  121.6522  24.1617    39.0  20160520  21001231
HWA026  121.6245  24.1182    47.0  20161208  21001231
HWA027  121.5985  24.0537    32.0  20131125  21001231
HWA028  121.6095  24.0143    20.0  20131130  21001231
HWA029  121.5777  23.9353    34.0  20131130  21001231
HWA030  121.4560  23.7840   121.0  20131130  21001231
HWA032  121.4198  23.7083   141.0  20131129  21001231
HWA033  121.4827  23.6845   119.0  20090728  21001231
HWA034  121.3837  23.5878   167.0  20131128  21001231
HWA035  121.4447  23.7303   120.0  20131129  21001231
HWA036  121.3745  23.4977   109.0  20131128  21001231
HWA037  121.3937  23.4520    97.0  20131126  21001231
HWA038  121.3518  23.4588   240.0  20131128  21001231
HWA039  121.3593  23.3830   141.0  20131126  21001231
HWA041  121.3027  23.2648   175.0  20131128  21001231
HWA042  121.2645  23.2198   207.0  20121217  21001231
HWA043  121.5475  23.7078     9.0  20090730  21001231
HWA044  121.5363  23.6517    25.0  20131126  21001231
HWA045  121.7495  24.3090    27.0  20090727  21001231
HWA046  121.6292  24.1478    58.0  20131125  21001231
HWA047  121.6548  24.1255    15.0  20080204  21001231
HWA048  121.5805  24.0095    30.0  20080204  21001231
HWA049  121.5645  23.9932    58.0  20080204  21001231
HWA050  121.5908  23.9878    26.0  20080204  21001231
HWA051  121.5568  23.8677    51.0  20080204  21001231
HWA052  121.4737  23.8193   118.0  20080204  21001231
HWA053  121.3203  23.4063   137.0  20080204  21001231
HWA054  121.3487  23.4305    93.0  20131128  21001231
HWA055  121.3400  23.3207   152.0  20080204  21001231
HWA056  121.5160  24.1778   445.0  20131129  21001231
HWA057  121.6230  24.1587   118.0  20090729  21001231
HWA058  121.4928  23.9658   170.0  20090817  21001231
HWA059  121.5073  23.8707    40.0  20090728  21001231
HWA060  121.6017  23.9035    66.0  20090730  21001231
HWA061  121.6107  24.0180    15.0  20080204  21001231
HWA062  121.6198  23.9797    19.0  20170401  21001231
HWA063  121.5930  23.9935    23.0  20131130  21001231
HWA065  121.3193  23.3292   129.0  20131128  21001231
HWA066  121.5117  23.4830    11.0  20130222  21001231
HWA067  121.4688  23.7545    91.0  20160322  21001231
TTN001  121.4512  23.3163    63.0  20170101  21001231
TTN002  121.3045  22.9725    41.0  20080204  21001231
TTN003  121.0068  22.6155    28.0  20080204  21001231
TTN004  121.1365  22.9080   140.0  20080204  21001231
TTN005  121.1483  22.7548    19.0  20121218  21001231
TTN006  121.1448  22.7705    25.0  20131127  21001231
TTN007  121.1503  22.7615    17.0  20131127  21001231
TTN008  121.1588  22.7567    13.0  20131127  21001231
TTN009  121.1522  22.7472    10.0  20131126  21001231
TTN010  121.1217  22.7368    18.0  20131126  21001231
TTN011  121.1193  22.7813    38.0  20131127  21001231
TTN012  121.1415  22.7640    23.0  20131127  21001231
TTN013  121.1360  22.7660    26.0  20151030  21001231
TTN014  121.3732  23.0978    37.0  20080919  21001231
TTN015  121.1548  22.7522    12.0  20170401  21001231
TTN016  120.9035  22.3558    11.0  20090806  21001231
TTN018  121.0800  22.8175   199.0  20170401  21001231
TTN020  121.2147  23.1258   278.0  20140327  21001231
TTN021  121.1760  23.1020   307.0  20121217  21001231
TTN022  121.2192  23.0952   286.0  20090803  21001231
TTN023  121.1638  23.0512   231.0  20140327  21001231
TTN024  121.1167  22.9703   281.0  20141121  21001231
TTN025  121.0800  22.9023   247.0  20141122  21001231
TTN026  121.0918  22.8597   227.0  20090806  21001231
TTN027  121.0938  22.8073   106.0  20141120  21001231
TTN028  121.0628  22.7767   135.0  20141120  21001231
TTN029  121.0492  22.7173    63.0  20141230  21001231
TTN030  121.0258  22.6978    56.0  20141118  21001231
TTN031  121.4673  23.3563    48.0  20170117  21001231
TTN032  121.4142  23.2447    31.0  20141231  21001231
TTN034  121.2683  22.9283    43.0  20141122  21001231
TTN035  121.2277  22.8783    56.0  20141231  21001231
TTN036  121.1938  22.7963    34.0  20141230  21001231
TTN037  120.9667  22.5322    24.0  20151110  21001231
TTN038  120.9408  22.4620    17.0  20151110  21001231
TTN040  121.2072  23.1492   311.0  20080204  21001231
TTN041  121.1252  23.1325   437.0  20080204  21001231
TTN042  121.2852  22.9992    75.0  20080204  21001231
TTN043  121.3308  23.0270    28.0  20080204  21001231
TTN044  121.1740  23.0060   211.0  20080204  21001231
TTN045  121.1563  22.9740   190.0  20141119  21001231
TTN046  121.2410  22.9625   189.0  20080204  21001231
TTN047  121.1385  22.8383   113.0  20141120  21001231
TTN048  121.0910  22.7722    59.0  20141121  21001231
TTN049  121.1073  22.7305    21.0  20080204  21001231
TTN050  121.0370  22.6725    20.0  20141230  21001231
TTN051  121.0250  23.1870  1058.0  20090922  21001231
TTN052  120.9617  22.5957    88.0  20091016  21001231
TTN053  120.8563  22.3820   457.0  20080917  21001231
TTN056  121.1525  22.7647    18.0  20080420  21001231
KNM002  118.2893  24.4073    44.0  20080924  21001231
KNM003  118.3297  24.4578    34.0  20080204  21001231
MSU001  119.9230  26.1692    98.0  20170413  21001231
MSU002  119.9392  26.1473    92.0  20170413  21001231
MTN104  121.5642  25.1058   243.0  20100211  21001231
MTN105  121.5285  24.8392   210.0  20150213  21001231
MTN106  121.8322  25.0292    66.0  20140221  21001231
MTN107  121.8678  25.0328    32.0  20090703  21001231
MTN109  121.3760  24.9115    71.0  20110217  21001231
MTN110  121.4080  24.9327    39.0  20160907  21001231
MTN111  121.4053  24.8722   156.0  20141030  21001231
MTN114  121.6207  25.1753   446.0  20140227  21001231
MTN115  121.8448  25.1050   424.0  20130618  21001231
MTN116  121.7472  25.0017   271.0  20140311  21001231
MTN117  121.4768  25.1585   241.0  20100517  21001231
MTN118  121.4177  25.1295   364.0  20140320  21001231
MTN120  121.4360  25.0822    65.0  20111114  21001231
MTN121  121.6412  25.0378   233.0  20110217  21001231
MTN122  121.4370  24.8538   250.0  20140320  21001231
MTN123  121.5475  24.9337   177.0  20140311  21001231
MTN125  121.6482  24.8375   435.0  20141223  21001231
MTN126  121.6437  25.0133   137.0  20140127  21001231
MTN127  121.4118  24.5905  1703.0  20121218  21001231
MTN128  121.6113  24.5103  1860.0  20121218  21001231
MTN129  121.4267  24.4877   808.0  20080204  21001231
MTN130  121.6762  24.5780   369.0  20080204  21001231
MTN131  121.8108  24.5910   167.0  20160316  21001231
MTN132  121.1058  24.5753   545.0  20130813  21001231
MTN133  121.1485  24.6252   460.0  20121213  21001231
MTN134  121.3033  24.5798  1650.0  20140316  21001231
MTN135  121.5875  24.7598   692.0  20140325  21001231
MTN136  121.1132  24.5058  2080.0  20151118  21001231
MTN137  121.3012  24.6600   750.0  20140316  21001231
MTN138  121.3500  24.7378   520.0  20140312  21001231
MTN139  121.4748  24.6515  1150.0  20140324  21001231
MTN140  121.5362  24.4935  1916.0  20140611  21001231
MTN141  121.2935  24.3175  1604.0  20080204  21001231
MTN142  121.1230  24.7770   623.0  20131218  21001231
MTN143  121.1997  24.7598   546.0  20101106  21001231
MTN145  121.3123  24.1810  2598.0  20140319  21001231
MTN146  121.2598  24.2557  2052.0  20090729  21001231
MTN147  121.0060  24.2020   755.0  20130326  21001231
MTN148  120.8957  24.1707   559.0  20120326  21001231
MTN150  120.8053  24.2268   472.0  20121121  21001231
MTN151  120.7480  24.1852   262.0  20110411  21001231
MTN152  121.5683  25.0002    71.0  20140728  21001231
MTN153  121.2692  24.7140   675.0  20091118  21001231
MTN154  120.6330  22.9960   261.0  20140311  21001231
MTN155  120.6730  23.0733   402.0  20121220  21001231
MTN156  120.8197  23.2525   790.0  20140312  21001231
MTN157  120.9025  23.2770  2250.0  20080829  21001231
MTN158  120.9862  23.2483  2302.0  20140328  21001231
MTN159  121.2498  23.1763   263.0  20130321  21001231
MTN160  121.4517  24.2065  1117.0  20140317  21001231
MTN161  121.1335  24.0210  1143.0  20080204  21001231
MTN162  121.1738  24.0860  2160.0  20121212  21001231
MTN163  121.4240  24.0067   393.0  20141001  21001231
MTN164  121.4160  24.0078   393.0  20080204  21001231
MTN166  121.1572  24.1230  1016.0  20140319  21001231
MTN167  121.0050  23.9598   374.0  20121212  21001231
MTN168  121.3842  24.1920  2189.0  20110913  21001231
MTN169  121.1892  24.1482  1525.0  20091111  21001231
MTN170  120.8557  23.7658   455.0  20140311  21001231
MTN171  121.0790  24.0005   763.0  20140319  21001231
MTN172  121.2442  24.2475  2203.0  20140318  21001231
MTN173  121.2295  24.2097  2484.0  20110414  21001231
MTN174  121.3050  24.3760  1967.0  20121219  21001231
MTN175  121.3390  24.3682  1856.0  20091125  21001231
MTN176  120.9402  24.4657   488.0  20140310  21001231
MTN177  120.9027  24.4108   387.0  20160818  21001231
MTN178  120.8657  24.3530   415.0  20110301  21001231
MTN179  120.9465  24.3598   653.0  20111104  21001231
MTN180  120.9713  24.3885   836.0  20140310  21001231
MTN181  121.5265  24.5353   987.0  20121219  21001231
MTN182  121.0897  24.2328   400.0  20151220  21001231
MND001  120.8117  24.2317   456.0  20080204  21001231
MND002  120.3578  22.7967    47.0  20080204  21001231
MND003  121.5377  25.0825    17.0  20080204  21001231
MND004  120.2805  22.6740    14.0  20080204  21001231
MND005  120.6338  24.2550   190.0  20080204  21001231
MND006  121.6230  24.0163    22.0  20080204  21001231
MND007  120.6953  24.1482    97.0  20080204  21001231
MND008  120.3167  22.6097    19.0  20080204  21001231
MND009  121.3882  25.0935   236.0  20080204  21001231
MND010  120.6725  24.1795   118.0  20080204  21001231
MND011  120.3538  23.1470    36.0  20080204  21001231
MND012  120.7137  22.0507    13.0  20080204  21001231
MND013  120.8127  23.5055  2457.0  20080204  21001231
MND014  121.8723  24.6025    16.0  20080204  21001231
MND015  121.5912  25.0463    18.0  20080204  21001231
MND016  121.6158  23.9773    16.0  20080204  21001231
MND017  120.4547  23.4830    40.0  20080204  21001231
MND018  120.2138  23.0122    19.0  20080204  21001231
MND019  120.2758  22.6285    79.0  20080204  21001231
MND020  121.2650  24.8797   195.0  20080204  21001231
MND021  121.4208  25.0360    12.0  20080204  21001231
MND022  120.8857  22.1648    72.0  20080204  21001231
MND023  120.6192  24.2317   194.0  20080204  21001231
MND025  121.5888  24.0278    22.0  20080204  21001231
MND026  121.8177  24.8013     8.0  20091105  21001231
TRB001  121.5170  25.0477    21.0  20080204  21001231
TRB003  120.9703  24.8007    25.0  20171115  21001231
TRB004  120.8223  24.5705    48.0  20080204  21001231
TRB005  120.7782  24.6065     9.0  20080204  21001231
TRB006  120.7740  24.4210   266.0  20080204  21001231
TRB007  120.4858  22.6688    26.0  20160501  21001231
TRB008  120.5950  22.3682     7.0  20080204  21001231
TRB009  121.8058  25.1088    61.0  20080204  21001231
TRB010  121.8732  25.0278    38.0  20080204  21001231
TRB011  121.7157  25.0950    28.0  20080204  21001231
TRB012  121.6072  25.0528    14.0  20080204  21001231
TRB013  121.4290  24.9992    11.0  20080204  21001231
TRB014  121.2673  24.9755   111.0  20080204  21001231
TRB015  120.9973  24.8175    22.0  20080204  21001231
TRB016  120.8207  24.5910    34.0  20080204  21001231
TRB017  120.7308  24.2613   231.0  20080204  21001231
TRB018  120.6873  24.1368    81.0  20171120  21001231
TRB019  120.5390  24.0823    21.0  20080204  21001231
TRB020  120.6212  23.8117    87.0  20080204  21001231
TRB021  120.5323  24.0690    19.0  20080204  21001231
TRB022  120.6002  24.3002    52.0  20080204  21001231
TRB023  120.6272  24.3448    59.0  20080204  21001231
TRB024  120.4405  23.4787    36.0  20080204  21001231
TRB025  120.4218  23.4575    32.0  20080204  21001231
TRB026  120.5410  23.7122    55.0  20080204  21001231
TRB027  120.5637  23.7168    56.0  20080204  21001231
TRB028  120.3233  23.3073    18.0  20080204  21001231
TRB029  120.3070  23.1370    17.0  20080204  21001231
TRB030  120.2127  22.9982    19.0  20080204  21001231
TRB031  120.3027  22.7810     8.0  20080204  21001231
TRB032  120.4205  22.6515    26.0  20080204  21001231
TRB033  121.0047  22.6185    56.0  20080204  21001231
TRB034  121.3118  23.3308   139.0  20080204  21001231
TRB035  121.1645  23.0462   223.0  20080204  21001231
TRB036  121.1230  22.7947    48.0  20080204  21001231
TRB037  120.8780  22.3458    65.0  20080204  21001231
TRB038  121.4212  23.6660   125.0  20080204  21001231
TRB039  121.7587  24.7542     9.0  20080204  21001231
TRB040  121.7745  24.8253     8.0  20080204  21001231
TRB041  121.8325  24.6037    21.0  20080204  21001231
TRB042  121.6038  24.0003    16.0  20080204  21001231
TRB043  121.7532  24.2967    23.0  20080204  21001231
TRB044  121.8010  24.4635    26.0  20080204  21001231
